<?xml version="1.0" encoding="UTF-8"?>
<!-- Generated by org.testng.reporters.JUnitReportReporter -->
<testsuite skipped="0" hostname="PIL-1310T00326" name="package_joker.JK_6106" tests="1" failures="0" timestamp="2020-09-22T10:44:52 CEST" time="79.732" errors="0">
  <testcase name="setData" time="79.732" classname="package_joker.JK_6106"/>
  <system-out/>
</testsuite> <!-- package_joker.JK_6106 -->
