<?xml version="1.0" encoding="UTF-8"?>
<!-- Generated by org.testng.reporters.JUnitReportReporter -->
<testsuite skipped="0" hostname="PIL-1310T00326" name="package_joker.first" tests="1" failures="0" timestamp="2020-08-24T15:37:26 CEST" time="6.572" errors="0">
  <testcase name="verifyHomepageTitle" time="6.572" classname="package_joker.first"/>
  <system-out/>
</testsuite> <!-- package_joker.first -->
